

Started GET "/" for 127.0.0.1 at 2014-09-10 16:12:46 -0700

Gem::LoadError - Specified 'sqlite3' for database adapter, but the gem is not loaded. Add `gem 'sqlite3'` to your Gemfile (and ensure its version is at the minimum required by ActiveRecord).:
  activerecord (4.1.5) lib/active_record/connection_adapters/connection_specification.rb:190:in `rescue in spec'
  activerecord (4.1.5) lib/active_record/connection_adapters/connection_specification.rb:187:in `spec'
  activerecord (4.1.5) lib/active_record/connection_handling.rb:50:in `establish_connection'
  activerecord (4.1.5) lib/active_record/railtie.rb:129:in `block (2 levels) in <class:Railtie>'
  activesupport (4.1.5) lib/active_support/lazy_load_hooks.rb:38:in `execute_hook'
  activesupport (4.1.5) lib/active_support/lazy_load_hooks.rb:45:in `block in run_load_hooks'
  activesupport (4.1.5) lib/active_support/lazy_load_hooks.rb:44:in `run_load_hooks'
  activerecord (4.1.5) lib/active_record/base.rb:326:in `<module:ActiveRecord>'
  activerecord (4.1.5) lib/active_record/base.rb:23:in `<top (required)>'
  activerecord (4.1.5) lib/active_record/connection_adapters/abstract/connection_pool.rb:628:in `rescue in call'
  activerecord (4.1.5) lib/active_record/connection_adapters/abstract/connection_pool.rb:619:in `call'
  activerecord (4.1.5) lib/active_record/migration.rb:380:in `call'
  actionpack (4.1.5) lib/action_dispatch/middleware/callbacks.rb:29:in `block in call'
  activesupport (4.1.5) lib/active_support/callbacks.rb:82:in `run_callbacks'
  actionpack (4.1.5) lib/action_dispatch/middleware/callbacks.rb:27:in `call'
  actionpack (4.1.5) lib/action_dispatch/middleware/reloader.rb:73:in `call'
  actionpack (4.1.5) lib/action_dispatch/middleware/remote_ip.rb:76:in `call'
  better_errors (2.0.0) lib/better_errors/middleware.rb:84:in `protected_app_call'
  better_errors (2.0.0) lib/better_errors/middleware.rb:79:in `better_errors_call'
  better_errors (2.0.0) lib/better_errors/middleware.rb:57:in `call'
  actionpack (4.1.5) lib/action_dispatch/middleware/debug_exceptions.rb:17:in `call'
  actionpack (4.1.5) lib/action_dispatch/middleware/show_exceptions.rb:30:in `call'
  railties (4.1.5) lib/rails/rack/logger.rb:38:in `call_app'
  railties (4.1.5) lib/rails/rack/logger.rb:20:in `block in call'
  activesupport (4.1.5) lib/active_support/tagged_logging.rb:68:in `block in tagged'
  activesupport (4.1.5) lib/active_support/tagged_logging.rb:26:in `tagged'
  activesupport (4.1.5) lib/active_support/tagged_logging.rb:68:in `tagged'
  railties (4.1.5) lib/rails/rack/logger.rb:20:in `call'
  quiet_assets (1.0.3) lib/quiet_assets.rb:23:in `call_with_quiet_assets'
  actionpack (4.1.5) lib/action_dispatch/middleware/request_id.rb:21:in `call'
  rack (1.5.2) lib/rack/methodoverride.rb:21:in `call'
  rack (1.5.2) lib/rack/runtime.rb:17:in `call'
  activesupport (4.1.5) lib/active_support/cache/strategy/local_cache_middleware.rb:26:in `call'
  rack (1.5.2) lib/rack/lock.rb:17:in `call'
  actionpack (4.1.5) lib/action_dispatch/middleware/static.rb:64:in `call'
  rack (1.5.2) lib/rack/sendfile.rb:112:in `call'
  railties (4.1.5) lib/rails/engine.rb:514:in `call'
  railties (4.1.5) lib/rails/application.rb:144:in `call'
  rack (1.5.2) lib/rack/lock.rb:17:in `call'
  rack (1.5.2) lib/rack/content_length.rb:14:in `call'
  rack (1.5.2) lib/rack/handler/webrick.rb:60:in `service'
  /Users/MEGHAN/.rubies/ruby-2.1.2/lib/ruby/2.1.0/webrick/httpserver.rb:138:in `service'
  /Users/MEGHAN/.rubies/ruby-2.1.2/lib/ruby/2.1.0/webrick/httpserver.rb:94:in `run'
  /Users/MEGHAN/.rubies/ruby-2.1.2/lib/ruby/2.1.0/webrick/server.rb:295:in `block in start_thread'



Started POST "/__better_errors/ce85ae5baa756cf7/variables" for 127.0.0.1 at 2014-09-10 16:12:46 -0700


Started GET "/" for 127.0.0.1 at 2014-09-10 16:17:21 -0700
Processing by Rails::WelcomeController#index as HTML
  Rendered /Users/MEGHAN/.gem/ruby/2.1.2/gems/railties-4.1.5/lib/rails/templates/rails/welcome/index.html.erb (2.6ms)
Completed 200 OK in 21ms (Views: 11.9ms | ActiveRecord: 0.0ms)


Started GET "/" for 127.0.0.1 at 2014-09-10 16:29:00 -0700

ActionController::RoutingError - uninitialized constant UsersController:
  actionpack (4.1.5) lib/action_dispatch/routing/route_set.rb:71:in `rescue in controller'
  actionpack (4.1.5) lib/action_dispatch/routing/route_set.rb:66:in `controller'
  actionpack (4.1.5) lib/action_dispatch/routing/route_set.rb:46:in `call'
  actionpack (4.1.5) lib/action_dispatch/journey/router.rb:71:in `block in call'
  actionpack (4.1.5) lib/action_dispatch/journey/router.rb:59:in `call'
  actionpack (4.1.5) lib/action_dispatch/routing/route_set.rb:678:in `call'
  rack (1.5.2) lib/rack/etag.rb:23:in `call'
  rack (1.5.2) lib/rack/conditionalget.rb:25:in `call'
  rack (1.5.2) lib/rack/head.rb:11:in `call'
  actionpack (4.1.5) lib/action_dispatch/middleware/params_parser.rb:27:in `call'
  actionpack (4.1.5) lib/action_dispatch/middleware/flash.rb:254:in `call'
  rack (1.5.2) lib/rack/session/abstract/id.rb:225:in `context'
  rack (1.5.2) lib/rack/session/abstract/id.rb:220:in `call'
  actionpack (4.1.5) lib/action_dispatch/middleware/cookies.rb:560:in `call'
  activerecord (4.1.5) lib/active_record/query_cache.rb:36:in `call'
  activerecord (4.1.5) lib/active_record/connection_adapters/abstract/connection_pool.rb:621:in `call'
  activerecord (4.1.5) lib/active_record/migration.rb:380:in `call'
  actionpack (4.1.5) lib/action_dispatch/middleware/callbacks.rb:29:in `block in call'
  activesupport (4.1.5) lib/active_support/callbacks.rb:82:in `run_callbacks'
  actionpack (4.1.5) lib/action_dispatch/middleware/callbacks.rb:27:in `call'
  actionpack (4.1.5) lib/action_dispatch/middleware/reloader.rb:73:in `call'
  actionpack (4.1.5) lib/action_dispatch/middleware/remote_ip.rb:76:in `call'
  better_errors (2.0.0) lib/better_errors/middleware.rb:84:in `protected_app_call'
  better_errors (2.0.0) lib/better_errors/middleware.rb:79:in `better_errors_call'
  better_errors (2.0.0) lib/better_errors/middleware.rb:57:in `call'
  actionpack (4.1.5) lib/action_dispatch/middleware/debug_exceptions.rb:17:in `call'
  actionpack (4.1.5) lib/action_dispatch/middleware/show_exceptions.rb:30:in `call'
  railties (4.1.5) lib/rails/rack/logger.rb:38:in `call_app'
  railties (4.1.5) lib/rails/rack/logger.rb:20:in `block in call'
  activesupport (4.1.5) lib/active_support/tagged_logging.rb:68:in `block in tagged'
  activesupport (4.1.5) lib/active_support/tagged_logging.rb:26:in `tagged'
  activesupport (4.1.5) lib/active_support/tagged_logging.rb:68:in `tagged'
  railties (4.1.5) lib/rails/rack/logger.rb:20:in `call'
  quiet_assets (1.0.3) lib/quiet_assets.rb:23:in `call_with_quiet_assets'
  actionpack (4.1.5) lib/action_dispatch/middleware/request_id.rb:21:in `call'
  rack (1.5.2) lib/rack/methodoverride.rb:21:in `call'
  rack (1.5.2) lib/rack/runtime.rb:17:in `call'
  activesupport (4.1.5) lib/active_support/cache/strategy/local_cache_middleware.rb:26:in `call'
  rack (1.5.2) lib/rack/lock.rb:17:in `call'
  actionpack (4.1.5) lib/action_dispatch/middleware/static.rb:64:in `call'
  rack (1.5.2) lib/rack/sendfile.rb:112:in `call'
  railties (4.1.5) lib/rails/engine.rb:514:in `call'
  railties (4.1.5) lib/rails/application.rb:144:in `call'
  rack (1.5.2) lib/rack/lock.rb:17:in `call'
  rack (1.5.2) lib/rack/content_length.rb:14:in `call'
  rack (1.5.2) lib/rack/handler/webrick.rb:60:in `service'
  /Users/MEGHAN/.rubies/ruby-2.1.2/lib/ruby/2.1.0/webrick/httpserver.rb:138:in `service'
  /Users/MEGHAN/.rubies/ruby-2.1.2/lib/ruby/2.1.0/webrick/httpserver.rb:94:in `run'
  /Users/MEGHAN/.rubies/ruby-2.1.2/lib/ruby/2.1.0/webrick/server.rb:295:in `block in start_thread'



Started POST "/__better_errors/ec4ae649c1055639/variables" for 127.0.0.1 at 2014-09-10 16:29:00 -0700


Started GET "/" for 127.0.0.1 at 2014-09-10 17:16:04 -0700

LoadError - Unable to autoload constant UsersController, expected /Users/MEGHAN/Desktop/epicodus/blog_central/app/controllers/users_controller.rb to define it:
  activesupport (4.1.5) lib/active_support/dependencies.rb:481:in `load_missing_constant'
  activesupport (4.1.5) lib/active_support/dependencies.rb:180:in `const_missing'
  activesupport (4.1.5) lib/active_support/inflector/methods.rb:238:in `block in constantize'
  activesupport (4.1.5) lib/active_support/inflector/methods.rb:236:in `constantize'
  activesupport (4.1.5) lib/active_support/dependencies.rb:552:in `get'
  activesupport (4.1.5) lib/active_support/dependencies.rb:583:in `constantize'
  actionpack (4.1.5) lib/action_dispatch/routing/route_set.rb:78:in `controller_reference'
  actionpack (4.1.5) lib/action_dispatch/routing/route_set.rb:68:in `controller'
  actionpack (4.1.5) lib/action_dispatch/routing/route_set.rb:46:in `call'
  actionpack (4.1.5) lib/action_dispatch/journey/router.rb:71:in `block in call'
  actionpack (4.1.5) lib/action_dispatch/journey/router.rb:59:in `call'
  actionpack (4.1.5) lib/action_dispatch/routing/route_set.rb:678:in `call'
  rack (1.5.2) lib/rack/etag.rb:23:in `call'
  rack (1.5.2) lib/rack/conditionalget.rb:25:in `call'
  rack (1.5.2) lib/rack/head.rb:11:in `call'
  actionpack (4.1.5) lib/action_dispatch/middleware/params_parser.rb:27:in `call'
  actionpack (4.1.5) lib/action_dispatch/middleware/flash.rb:254:in `call'
  rack (1.5.2) lib/rack/session/abstract/id.rb:225:in `context'
  rack (1.5.2) lib/rack/session/abstract/id.rb:220:in `call'
  actionpack (4.1.5) lib/action_dispatch/middleware/cookies.rb:560:in `call'
  activerecord (4.1.5) lib/active_record/query_cache.rb:36:in `call'
  activerecord (4.1.5) lib/active_record/connection_adapters/abstract/connection_pool.rb:621:in `call'
  activerecord (4.1.5) lib/active_record/migration.rb:380:in `call'
  actionpack (4.1.5) lib/action_dispatch/middleware/callbacks.rb:29:in `block in call'
  activesupport (4.1.5) lib/active_support/callbacks.rb:82:in `run_callbacks'
  actionpack (4.1.5) lib/action_dispatch/middleware/callbacks.rb:27:in `call'
  actionpack (4.1.5) lib/action_dispatch/middleware/reloader.rb:73:in `call'
  actionpack (4.1.5) lib/action_dispatch/middleware/remote_ip.rb:76:in `call'
  better_errors (2.0.0) lib/better_errors/middleware.rb:84:in `protected_app_call'
  better_errors (2.0.0) lib/better_errors/middleware.rb:79:in `better_errors_call'
  better_errors (2.0.0) lib/better_errors/middleware.rb:57:in `call'
  actionpack (4.1.5) lib/action_dispatch/middleware/debug_exceptions.rb:17:in `call'
  actionpack (4.1.5) lib/action_dispatch/middleware/show_exceptions.rb:30:in `call'
  railties (4.1.5) lib/rails/rack/logger.rb:38:in `call_app'
  railties (4.1.5) lib/rails/rack/logger.rb:20:in `block in call'
  activesupport (4.1.5) lib/active_support/tagged_logging.rb:68:in `block in tagged'
  activesupport (4.1.5) lib/active_support/tagged_logging.rb:26:in `tagged'
  activesupport (4.1.5) lib/active_support/tagged_logging.rb:68:in `tagged'
  railties (4.1.5) lib/rails/rack/logger.rb:20:in `call'
  quiet_assets (1.0.3) lib/quiet_assets.rb:23:in `call_with_quiet_assets'
  actionpack (4.1.5) lib/action_dispatch/middleware/request_id.rb:21:in `call'
  rack (1.5.2) lib/rack/methodoverride.rb:21:in `call'
  rack (1.5.2) lib/rack/runtime.rb:17:in `call'
  activesupport (4.1.5) lib/active_support/cache/strategy/local_cache_middleware.rb:26:in `call'
  rack (1.5.2) lib/rack/lock.rb:17:in `call'
  actionpack (4.1.5) lib/action_dispatch/middleware/static.rb:64:in `call'
  rack (1.5.2) lib/rack/sendfile.rb:112:in `call'
  railties (4.1.5) lib/rails/engine.rb:514:in `call'
  railties (4.1.5) lib/rails/application.rb:144:in `call'
  rack (1.5.2) lib/rack/lock.rb:17:in `call'
  rack (1.5.2) lib/rack/content_length.rb:14:in `call'
  rack (1.5.2) lib/rack/handler/webrick.rb:60:in `service'
  /Users/MEGHAN/.rubies/ruby-2.1.2/lib/ruby/2.1.0/webrick/httpserver.rb:138:in `service'
  /Users/MEGHAN/.rubies/ruby-2.1.2/lib/ruby/2.1.0/webrick/httpserver.rb:94:in `run'
  /Users/MEGHAN/.rubies/ruby-2.1.2/lib/ruby/2.1.0/webrick/server.rb:295:in `block in start_thread'



Started POST "/__better_errors/3fd81d4430decc50/variables" for 127.0.0.1 at 2014-09-10 17:16:04 -0700


Started GET "/" for 127.0.0.1 at 2014-09-10 17:17:00 -0700

AbstractController::ActionNotFound - The action 'index' could not be found for UsersController:
  actionpack (4.1.5) lib/abstract_controller/base.rb:131:in `process'
  actionview (4.1.5) lib/action_view/rendering.rb:30:in `process'
  actionpack (4.1.5) lib/action_controller/metal.rb:196:in `dispatch'
  actionpack (4.1.5) lib/action_controller/metal/rack_delegation.rb:13:in `dispatch'
  actionpack (4.1.5) lib/action_controller/metal.rb:232:in `block in action'
  actionpack (4.1.5) lib/action_dispatch/routing/route_set.rb:82:in `dispatch'
  actionpack (4.1.5) lib/action_dispatch/routing/route_set.rb:50:in `call'
  actionpack (4.1.5) lib/action_dispatch/journey/router.rb:71:in `block in call'
  actionpack (4.1.5) lib/action_dispatch/journey/router.rb:59:in `call'
  actionpack (4.1.5) lib/action_dispatch/routing/route_set.rb:678:in `call'
  rack (1.5.2) lib/rack/etag.rb:23:in `call'
  rack (1.5.2) lib/rack/conditionalget.rb:25:in `call'
  rack (1.5.2) lib/rack/head.rb:11:in `call'
  actionpack (4.1.5) lib/action_dispatch/middleware/params_parser.rb:27:in `call'
  actionpack (4.1.5) lib/action_dispatch/middleware/flash.rb:254:in `call'
  rack (1.5.2) lib/rack/session/abstract/id.rb:225:in `context'
  rack (1.5.2) lib/rack/session/abstract/id.rb:220:in `call'
  actionpack (4.1.5) lib/action_dispatch/middleware/cookies.rb:560:in `call'
  activerecord (4.1.5) lib/active_record/query_cache.rb:36:in `call'
  activerecord (4.1.5) lib/active_record/connection_adapters/abstract/connection_pool.rb:621:in `call'
  activerecord (4.1.5) lib/active_record/migration.rb:380:in `call'
  actionpack (4.1.5) lib/action_dispatch/middleware/callbacks.rb:29:in `block in call'
  activesupport (4.1.5) lib/active_support/callbacks.rb:82:in `run_callbacks'
  actionpack (4.1.5) lib/action_dispatch/middleware/callbacks.rb:27:in `call'
  actionpack (4.1.5) lib/action_dispatch/middleware/reloader.rb:73:in `call'
  actionpack (4.1.5) lib/action_dispatch/middleware/remote_ip.rb:76:in `call'
  better_errors (2.0.0) lib/better_errors/middleware.rb:84:in `protected_app_call'
  better_errors (2.0.0) lib/better_errors/middleware.rb:79:in `better_errors_call'
  better_errors (2.0.0) lib/better_errors/middleware.rb:57:in `call'
  actionpack (4.1.5) lib/action_dispatch/middleware/debug_exceptions.rb:17:in `call'
  actionpack (4.1.5) lib/action_dispatch/middleware/show_exceptions.rb:30:in `call'
  railties (4.1.5) lib/rails/rack/logger.rb:38:in `call_app'
  railties (4.1.5) lib/rails/rack/logger.rb:20:in `block in call'
  activesupport (4.1.5) lib/active_support/tagged_logging.rb:68:in `block in tagged'
  activesupport (4.1.5) lib/active_support/tagged_logging.rb:26:in `tagged'
  activesupport (4.1.5) lib/active_support/tagged_logging.rb:68:in `tagged'
  railties (4.1.5) lib/rails/rack/logger.rb:20:in `call'
  quiet_assets (1.0.3) lib/quiet_assets.rb:23:in `call_with_quiet_assets'
  actionpack (4.1.5) lib/action_dispatch/middleware/request_id.rb:21:in `call'
  rack (1.5.2) lib/rack/methodoverride.rb:21:in `call'
  rack (1.5.2) lib/rack/runtime.rb:17:in `call'
  activesupport (4.1.5) lib/active_support/cache/strategy/local_cache_middleware.rb:26:in `call'
  rack (1.5.2) lib/rack/lock.rb:17:in `call'
  actionpack (4.1.5) lib/action_dispatch/middleware/static.rb:64:in `call'
  rack (1.5.2) lib/rack/sendfile.rb:112:in `call'
  railties (4.1.5) lib/rails/engine.rb:514:in `call'
  railties (4.1.5) lib/rails/application.rb:144:in `call'
  rack (1.5.2) lib/rack/lock.rb:17:in `call'
  rack (1.5.2) lib/rack/content_length.rb:14:in `call'
  rack (1.5.2) lib/rack/handler/webrick.rb:60:in `service'
  /Users/MEGHAN/.rubies/ruby-2.1.2/lib/ruby/2.1.0/webrick/httpserver.rb:138:in `service'
  /Users/MEGHAN/.rubies/ruby-2.1.2/lib/ruby/2.1.0/webrick/httpserver.rb:94:in `run'
  /Users/MEGHAN/.rubies/ruby-2.1.2/lib/ruby/2.1.0/webrick/server.rb:295:in `block in start_thread'



Started POST "/__better_errors/c8e24e0a6f8210d6/variables" for 127.0.0.1 at 2014-09-10 17:17:00 -0700


Started GET "/" for 127.0.0.1 at 2014-09-10 17:33:38 -0700

AbstractController::ActionNotFound - The action 'index' could not be found for UsersController:
  actionpack (4.1.5) lib/abstract_controller/base.rb:131:in `process'
  actionview (4.1.5) lib/action_view/rendering.rb:30:in `process'
  actionpack (4.1.5) lib/action_controller/metal.rb:196:in `dispatch'
  actionpack (4.1.5) lib/action_controller/metal/rack_delegation.rb:13:in `dispatch'
  actionpack (4.1.5) lib/action_controller/metal.rb:232:in `block in action'
  actionpack (4.1.5) lib/action_dispatch/routing/route_set.rb:82:in `dispatch'
  actionpack (4.1.5) lib/action_dispatch/routing/route_set.rb:50:in `call'
  actionpack (4.1.5) lib/action_dispatch/journey/router.rb:71:in `block in call'
  actionpack (4.1.5) lib/action_dispatch/journey/router.rb:59:in `call'
  actionpack (4.1.5) lib/action_dispatch/routing/route_set.rb:678:in `call'
  rack (1.5.2) lib/rack/etag.rb:23:in `call'
  rack (1.5.2) lib/rack/conditionalget.rb:25:in `call'
  rack (1.5.2) lib/rack/head.rb:11:in `call'
  actionpack (4.1.5) lib/action_dispatch/middleware/params_parser.rb:27:in `call'
  actionpack (4.1.5) lib/action_dispatch/middleware/flash.rb:254:in `call'
  rack (1.5.2) lib/rack/session/abstract/id.rb:225:in `context'
  rack (1.5.2) lib/rack/session/abstract/id.rb:220:in `call'
  actionpack (4.1.5) lib/action_dispatch/middleware/cookies.rb:560:in `call'
  activerecord (4.1.5) lib/active_record/query_cache.rb:36:in `call'
  activerecord (4.1.5) lib/active_record/connection_adapters/abstract/connection_pool.rb:621:in `call'
  activerecord (4.1.5) lib/active_record/migration.rb:380:in `call'
  actionpack (4.1.5) lib/action_dispatch/middleware/callbacks.rb:29:in `block in call'
  activesupport (4.1.5) lib/active_support/callbacks.rb:82:in `run_callbacks'
  actionpack (4.1.5) lib/action_dispatch/middleware/callbacks.rb:27:in `call'
  actionpack (4.1.5) lib/action_dispatch/middleware/reloader.rb:73:in `call'
  actionpack (4.1.5) lib/action_dispatch/middleware/remote_ip.rb:76:in `call'
  better_errors (2.0.0) lib/better_errors/middleware.rb:84:in `protected_app_call'
  better_errors (2.0.0) lib/better_errors/middleware.rb:79:in `better_errors_call'
  better_errors (2.0.0) lib/better_errors/middleware.rb:57:in `call'
  actionpack (4.1.5) lib/action_dispatch/middleware/debug_exceptions.rb:17:in `call'
  actionpack (4.1.5) lib/action_dispatch/middleware/show_exceptions.rb:30:in `call'
  railties (4.1.5) lib/rails/rack/logger.rb:38:in `call_app'
  railties (4.1.5) lib/rails/rack/logger.rb:20:in `block in call'
  activesupport (4.1.5) lib/active_support/tagged_logging.rb:68:in `block in tagged'
  activesupport (4.1.5) lib/active_support/tagged_logging.rb:26:in `tagged'
  activesupport (4.1.5) lib/active_support/tagged_logging.rb:68:in `tagged'
  railties (4.1.5) lib/rails/rack/logger.rb:20:in `call'
  quiet_assets (1.0.3) lib/quiet_assets.rb:23:in `call_with_quiet_assets'
  actionpack (4.1.5) lib/action_dispatch/middleware/request_id.rb:21:in `call'
  rack (1.5.2) lib/rack/methodoverride.rb:21:in `call'
  rack (1.5.2) lib/rack/runtime.rb:17:in `call'
  activesupport (4.1.5) lib/active_support/cache/strategy/local_cache_middleware.rb:26:in `call'
  rack (1.5.2) lib/rack/lock.rb:17:in `call'
  actionpack (4.1.5) lib/action_dispatch/middleware/static.rb:64:in `call'
  rack (1.5.2) lib/rack/sendfile.rb:112:in `call'
  railties (4.1.5) lib/rails/engine.rb:514:in `call'
  railties (4.1.5) lib/rails/application.rb:144:in `call'
  rack (1.5.2) lib/rack/lock.rb:17:in `call'
  rack (1.5.2) lib/rack/content_length.rb:14:in `call'
  rack (1.5.2) lib/rack/handler/webrick.rb:60:in `service'
  /Users/MEGHAN/.rubies/ruby-2.1.2/lib/ruby/2.1.0/webrick/httpserver.rb:138:in `service'
  /Users/MEGHAN/.rubies/ruby-2.1.2/lib/ruby/2.1.0/webrick/httpserver.rb:94:in `run'
  /Users/MEGHAN/.rubies/ruby-2.1.2/lib/ruby/2.1.0/webrick/server.rb:295:in `block in start_thread'



Started POST "/__better_errors/9719270dc9473e9f/variables" for 127.0.0.1 at 2014-09-10 17:33:38 -0700


Started GET "/" for 127.0.0.1 at 2014-09-10 17:34:13 -0700
Processing by UsersController#index as HTML
  Rendered users/index.html.erb within layouts/application (0.6ms)
Completed 200 OK in 938ms (Views: 937.3ms | ActiveRecord: 0.0ms)
  [1m[36m (1.2ms)[0m  [1mCREATE TABLE "schema_migrations" ("version" varchar(255) NOT NULL) [0m
  [1m[35m (0.7ms)[0m  select sqlite_version(*)
  [1m[36m (1.2ms)[0m  [1mCREATE UNIQUE INDEX "unique_schema_migrations" ON "schema_migrations" ("version")[0m
  [1m[35mActiveRecord::SchemaMigration Load (0.2ms)[0m  SELECT "schema_migrations".* FROM "schema_migrations"
Migrating to CreateUsers (20140911170732)
  [1m[36m (0.1ms)[0m  [1mbegin transaction[0m
  [1m[35m (0.6ms)[0m  CREATE TABLE "users" ("id" INTEGER PRIMARY KEY AUTOINCREMENT NOT NULL, "name" varchar(255), "password_digest" varchar(255), "created_at" datetime, "updated_at" datetime) 
  [1m[36mSQL (0.2ms)[0m  [1mINSERT INTO "schema_migrations" ("version") VALUES (?)[0m  [["version", "20140911170732"]]
  [1m[35m (0.9ms)[0m  commit transaction
  [1m[36mActiveRecord::SchemaMigration Load (0.1ms)[0m  [1mSELECT "schema_migrations".* FROM "schema_migrations"[0m


Started GET "/" for 127.0.0.1 at 2014-09-11 10:17:52 -0700
  [1m[36mActiveRecord::SchemaMigration Load (0.1ms)[0m  [1mSELECT "schema_migrations".* FROM "schema_migrations"[0m

SyntaxError - syntax error, unexpected end-of-input, expecting keyword_end:
  app/controllers/application_controller.rb:12:in `'
  activesupport (4.1.5) lib/active_support/dependencies.rb:443:in `block in load_file'
  activesupport (4.1.5) lib/active_support/dependencies.rb:633:in `new_constants_in'
  activesupport (4.1.5) lib/active_support/dependencies.rb:442:in `load_file'
  activesupport (4.1.5) lib/active_support/dependencies.rb:342:in `require_or_load'
  activesupport (4.1.5) lib/active_support/dependencies.rb:480:in `load_missing_constant'
  activesupport (4.1.5) lib/active_support/dependencies.rb:180:in `const_missing'
  app/controllers/users_controller.rb:1:in `<top (required)>'
  activesupport (4.1.5) lib/active_support/dependencies.rb:443:in `block in load_file'
  activesupport (4.1.5) lib/active_support/dependencies.rb:633:in `new_constants_in'
  activesupport (4.1.5) lib/active_support/dependencies.rb:442:in `load_file'
  activesupport (4.1.5) lib/active_support/dependencies.rb:342:in `require_or_load'
  activesupport (4.1.5) lib/active_support/dependencies.rb:480:in `load_missing_constant'
  activesupport (4.1.5) lib/active_support/dependencies.rb:180:in `const_missing'
  activesupport (4.1.5) lib/active_support/inflector/methods.rb:238:in `block in constantize'
  activesupport (4.1.5) lib/active_support/inflector/methods.rb:236:in `constantize'
  activesupport (4.1.5) lib/active_support/dependencies.rb:552:in `get'
  activesupport (4.1.5) lib/active_support/dependencies.rb:583:in `constantize'
  actionpack (4.1.5) lib/action_dispatch/routing/route_set.rb:78:in `controller_reference'
  actionpack (4.1.5) lib/action_dispatch/routing/route_set.rb:68:in `controller'
  actionpack (4.1.5) lib/action_dispatch/routing/route_set.rb:46:in `call'
  actionpack (4.1.5) lib/action_dispatch/journey/router.rb:71:in `block in call'
  actionpack (4.1.5) lib/action_dispatch/journey/router.rb:59:in `call'
  actionpack (4.1.5) lib/action_dispatch/routing/route_set.rb:678:in `call'
  rack (1.5.2) lib/rack/etag.rb:23:in `call'
  rack (1.5.2) lib/rack/conditionalget.rb:25:in `call'
  rack (1.5.2) lib/rack/head.rb:11:in `call'
  actionpack (4.1.5) lib/action_dispatch/middleware/params_parser.rb:27:in `call'
  actionpack (4.1.5) lib/action_dispatch/middleware/flash.rb:254:in `call'
  rack (1.5.2) lib/rack/session/abstract/id.rb:225:in `context'
  rack (1.5.2) lib/rack/session/abstract/id.rb:220:in `call'
  actionpack (4.1.5) lib/action_dispatch/middleware/cookies.rb:560:in `call'
  activerecord (4.1.5) lib/active_record/query_cache.rb:36:in `call'
  activerecord (4.1.5) lib/active_record/connection_adapters/abstract/connection_pool.rb:621:in `call'
  activerecord (4.1.5) lib/active_record/migration.rb:380:in `call'
  actionpack (4.1.5) lib/action_dispatch/middleware/callbacks.rb:29:in `block in call'
  activesupport (4.1.5) lib/active_support/callbacks.rb:82:in `run_callbacks'
  actionpack (4.1.5) lib/action_dispatch/middleware/callbacks.rb:27:in `call'
  actionpack (4.1.5) lib/action_dispatch/middleware/reloader.rb:73:in `call'
  actionpack (4.1.5) lib/action_dispatch/middleware/remote_ip.rb:76:in `call'
  better_errors (2.0.0) lib/better_errors/middleware.rb:84:in `protected_app_call'
  better_errors (2.0.0) lib/better_errors/middleware.rb:79:in `better_errors_call'
  better_errors (2.0.0) lib/better_errors/middleware.rb:57:in `call'
  actionpack (4.1.5) lib/action_dispatch/middleware/debug_exceptions.rb:17:in `call'
  actionpack (4.1.5) lib/action_dispatch/middleware/show_exceptions.rb:30:in `call'
  railties (4.1.5) lib/rails/rack/logger.rb:38:in `call_app'
  railties (4.1.5) lib/rails/rack/logger.rb:20:in `block in call'
  activesupport (4.1.5) lib/active_support/tagged_logging.rb:68:in `block in tagged'
  activesupport (4.1.5) lib/active_support/tagged_logging.rb:26:in `tagged'
  activesupport (4.1.5) lib/active_support/tagged_logging.rb:68:in `tagged'
  railties (4.1.5) lib/rails/rack/logger.rb:20:in `call'
  quiet_assets (1.0.3) lib/quiet_assets.rb:23:in `call_with_quiet_assets'
  actionpack (4.1.5) lib/action_dispatch/middleware/request_id.rb:21:in `call'
  rack (1.5.2) lib/rack/methodoverride.rb:21:in `call'
  rack (1.5.2) lib/rack/runtime.rb:17:in `call'
  activesupport (4.1.5) lib/active_support/cache/strategy/local_cache_middleware.rb:26:in `call'
  rack (1.5.2) lib/rack/lock.rb:17:in `call'
  actionpack (4.1.5) lib/action_dispatch/middleware/static.rb:64:in `call'
  rack (1.5.2) lib/rack/sendfile.rb:112:in `call'
  railties (4.1.5) lib/rails/engine.rb:514:in `call'
  railties (4.1.5) lib/rails/application.rb:144:in `call'
  rack (1.5.2) lib/rack/lock.rb:17:in `call'
  rack (1.5.2) lib/rack/content_length.rb:14:in `call'
  rack (1.5.2) lib/rack/handler/webrick.rb:60:in `service'
  /Users/MEGHAN/.rubies/ruby-2.1.2/lib/ruby/2.1.0/webrick/httpserver.rb:138:in `service'
  /Users/MEGHAN/.rubies/ruby-2.1.2/lib/ruby/2.1.0/webrick/httpserver.rb:94:in `run'
  /Users/MEGHAN/.rubies/ruby-2.1.2/lib/ruby/2.1.0/webrick/server.rb:295:in `block in start_thread'



Started POST "/__better_errors/f97303226b1d14a6/variables" for 127.0.0.1 at 2014-09-11 10:17:53 -0700


Started GET "/" for 127.0.0.1 at 2014-09-11 10:17:59 -0700
Processing by UsersController#index as HTML
  Rendered users/index.html.erb within layouts/application (0.1ms)
Completed 200 OK in 52ms (Views: 48.3ms | ActiveRecord: 0.0ms)


Started GET "/users/new" for 127.0.0.1 at 2014-09-11 10:18:05 -0700
Processing by UsersController#new as HTML
  Rendered users/new.html.erb within layouts/application (33.6ms)
Completed 200 OK in 64ms (Views: 62.4ms | ActiveRecord: 0.4ms)


Started GET "/sessions/new" for 127.0.0.1 at 2014-09-11 10:18:06 -0700

LoadError - Unable to autoload constant SessionsController, expected /Users/MEGHAN/Desktop/epicodus/blog_central/app/controllers/sessions_controller.rb to define it:
  activesupport (4.1.5) lib/active_support/dependencies.rb:481:in `load_missing_constant'
  activesupport (4.1.5) lib/active_support/dependencies.rb:180:in `const_missing'
  activesupport (4.1.5) lib/active_support/inflector/methods.rb:238:in `block in constantize'
  activesupport (4.1.5) lib/active_support/inflector/methods.rb:236:in `constantize'
  activesupport (4.1.5) lib/active_support/dependencies.rb:552:in `get'
  activesupport (4.1.5) lib/active_support/dependencies.rb:583:in `constantize'
  actionpack (4.1.5) lib/action_dispatch/routing/route_set.rb:78:in `controller_reference'
  actionpack (4.1.5) lib/action_dispatch/routing/route_set.rb:68:in `controller'
  actionpack (4.1.5) lib/action_dispatch/routing/route_set.rb:46:in `call'
  actionpack (4.1.5) lib/action_dispatch/journey/router.rb:71:in `block in call'
  actionpack (4.1.5) lib/action_dispatch/journey/router.rb:59:in `call'
  actionpack (4.1.5) lib/action_dispatch/routing/route_set.rb:678:in `call'
  rack (1.5.2) lib/rack/etag.rb:23:in `call'
  rack (1.5.2) lib/rack/conditionalget.rb:25:in `call'
  rack (1.5.2) lib/rack/head.rb:11:in `call'
  actionpack (4.1.5) lib/action_dispatch/middleware/params_parser.rb:27:in `call'
  actionpack (4.1.5) lib/action_dispatch/middleware/flash.rb:254:in `call'
  rack (1.5.2) lib/rack/session/abstract/id.rb:225:in `context'
  rack (1.5.2) lib/rack/session/abstract/id.rb:220:in `call'
  actionpack (4.1.5) lib/action_dispatch/middleware/cookies.rb:560:in `call'
  activerecord (4.1.5) lib/active_record/query_cache.rb:36:in `call'
  activerecord (4.1.5) lib/active_record/connection_adapters/abstract/connection_pool.rb:621:in `call'
  activerecord (4.1.5) lib/active_record/migration.rb:380:in `call'
  actionpack (4.1.5) lib/action_dispatch/middleware/callbacks.rb:29:in `block in call'
  activesupport (4.1.5) lib/active_support/callbacks.rb:82:in `run_callbacks'
  actionpack (4.1.5) lib/action_dispatch/middleware/callbacks.rb:27:in `call'
  actionpack (4.1.5) lib/action_dispatch/middleware/reloader.rb:73:in `call'
  actionpack (4.1.5) lib/action_dispatch/middleware/remote_ip.rb:76:in `call'
  better_errors (2.0.0) lib/better_errors/middleware.rb:84:in `protected_app_call'
  better_errors (2.0.0) lib/better_errors/middleware.rb:79:in `better_errors_call'
  better_errors (2.0.0) lib/better_errors/middleware.rb:57:in `call'
  actionpack (4.1.5) lib/action_dispatch/middleware/debug_exceptions.rb:17:in `call'
  actionpack (4.1.5) lib/action_dispatch/middleware/show_exceptions.rb:30:in `call'
  railties (4.1.5) lib/rails/rack/logger.rb:38:in `call_app'
  railties (4.1.5) lib/rails/rack/logger.rb:20:in `block in call'
  activesupport (4.1.5) lib/active_support/tagged_logging.rb:68:in `block in tagged'
  activesupport (4.1.5) lib/active_support/tagged_logging.rb:26:in `tagged'
  activesupport (4.1.5) lib/active_support/tagged_logging.rb:68:in `tagged'
  railties (4.1.5) lib/rails/rack/logger.rb:20:in `call'
  quiet_assets (1.0.3) lib/quiet_assets.rb:23:in `call_with_quiet_assets'
  actionpack (4.1.5) lib/action_dispatch/middleware/request_id.rb:21:in `call'
  rack (1.5.2) lib/rack/methodoverride.rb:21:in `call'
  rack (1.5.2) lib/rack/runtime.rb:17:in `call'
  activesupport (4.1.5) lib/active_support/cache/strategy/local_cache_middleware.rb:26:in `call'
  rack (1.5.2) lib/rack/lock.rb:17:in `call'
  actionpack (4.1.5) lib/action_dispatch/middleware/static.rb:64:in `call'
  rack (1.5.2) lib/rack/sendfile.rb:112:in `call'
  railties (4.1.5) lib/rails/engine.rb:514:in `call'
  railties (4.1.5) lib/rails/application.rb:144:in `call'
  rack (1.5.2) lib/rack/lock.rb:17:in `call'
  rack (1.5.2) lib/rack/content_length.rb:14:in `call'
  rack (1.5.2) lib/rack/handler/webrick.rb:60:in `service'
  /Users/MEGHAN/.rubies/ruby-2.1.2/lib/ruby/2.1.0/webrick/httpserver.rb:138:in `service'
  /Users/MEGHAN/.rubies/ruby-2.1.2/lib/ruby/2.1.0/webrick/httpserver.rb:94:in `run'
  /Users/MEGHAN/.rubies/ruby-2.1.2/lib/ruby/2.1.0/webrick/server.rb:295:in `block in start_thread'



Started GET "/sessions/new" for 127.0.0.1 at 2014-09-11 10:18:06 -0700

RuntimeError - Circular dependency detected while autoloading constant SessionsController:
  activesupport (4.1.5) lib/active_support/dependencies.rb:478:in `load_missing_constant'
  activesupport (4.1.5) lib/active_support/dependencies.rb:180:in `const_missing'
  activesupport (4.1.5) lib/active_support/inflector/methods.rb:238:in `block in constantize'
  activesupport (4.1.5) lib/active_support/inflector/methods.rb:236:in `constantize'
  activesupport (4.1.5) lib/active_support/dependencies.rb:552:in `get'
  activesupport (4.1.5) lib/active_support/dependencies.rb:583:in `constantize'
  actionpack (4.1.5) lib/action_dispatch/routing/route_set.rb:78:in `controller_reference'
  actionpack (4.1.5) lib/action_dispatch/routing/route_set.rb:68:in `controller'
  actionpack (4.1.5) lib/action_dispatch/routing/route_set.rb:46:in `call'
  actionpack (4.1.5) lib/action_dispatch/journey/router.rb:71:in `block in call'
  actionpack (4.1.5) lib/action_dispatch/journey/router.rb:59:in `call'
  actionpack (4.1.5) lib/action_dispatch/routing/route_set.rb:678:in `call'
  rack (1.5.2) lib/rack/etag.rb:23:in `call'
  rack (1.5.2) lib/rack/conditionalget.rb:25:in `call'
  rack (1.5.2) lib/rack/head.rb:11:in `call'
  actionpack (4.1.5) lib/action_dispatch/middleware/params_parser.rb:27:in `call'
  actionpack (4.1.5) lib/action_dispatch/middleware/flash.rb:254:in `call'
  rack (1.5.2) lib/rack/session/abstract/id.rb:225:in `context'
  rack (1.5.2) lib/rack/session/abstract/id.rb:220:in `call'
  actionpack (4.1.5) lib/action_dispatch/middleware/cookies.rb:560:in `call'
  activerecord (4.1.5) lib/active_record/query_cache.rb:36:in `call'
  activerecord (4.1.5) lib/active_record/connection_adapters/abstract/connection_pool.rb:621:in `call'
  activerecord (4.1.5) lib/active_record/migration.rb:380:in `call'
  actionpack (4.1.5) lib/action_dispatch/middleware/callbacks.rb:29:in `block in call'
  activesupport (4.1.5) lib/active_support/callbacks.rb:82:in `run_callbacks'
  actionpack (4.1.5) lib/action_dispatch/middleware/callbacks.rb:27:in `call'
  actionpack (4.1.5) lib/action_dispatch/middleware/reloader.rb:73:in `call'
  actionpack (4.1.5) lib/action_dispatch/middleware/remote_ip.rb:76:in `call'
  better_errors (2.0.0) lib/better_errors/middleware.rb:84:in `protected_app_call'
  better_errors (2.0.0) lib/better_errors/middleware.rb:79:in `better_errors_call'
  better_errors (2.0.0) lib/better_errors/middleware.rb:57:in `call'
  actionpack (4.1.5) lib/action_dispatch/middleware/debug_exceptions.rb:17:in `call'
  actionpack (4.1.5) lib/action_dispatch/middleware/show_exceptions.rb:30:in `call'
  railties (4.1.5) lib/rails/rack/logger.rb:38:in `call_app'
  railties (4.1.5) lib/rails/rack/logger.rb:20:in `block in call'
  activesupport (4.1.5) lib/active_support/tagged_logging.rb:68:in `block in tagged'
  activesupport (4.1.5) lib/active_support/tagged_logging.rb:26:in `tagged'
  activesupport (4.1.5) lib/active_support/tagged_logging.rb:68:in `tagged'
  railties (4.1.5) lib/rails/rack/logger.rb:20:in `call'
  quiet_assets (1.0.3) lib/quiet_assets.rb:23:in `call_with_quiet_assets'
  actionpack (4.1.5) lib/action_dispatch/middleware/request_id.rb:21:in `call'
  rack (1.5.2) lib/rack/methodoverride.rb:21:in `call'
  rack (1.5.2) lib/rack/runtime.rb:17:in `call'
  activesupport (4.1.5) lib/active_support/cache/strategy/local_cache_middleware.rb:26:in `call'
  rack (1.5.2) lib/rack/lock.rb:17:in `call'
  actionpack (4.1.5) lib/action_dispatch/middleware/static.rb:64:in `call'
  rack (1.5.2) lib/rack/sendfile.rb:112:in `call'
  railties (4.1.5) lib/rails/engine.rb:514:in `call'
  railties (4.1.5) lib/rails/application.rb:144:in `call'
  rack (1.5.2) lib/rack/lock.rb:17:in `call'
  rack (1.5.2) lib/rack/content_length.rb:14:in `call'
  rack (1.5.2) lib/rack/handler/webrick.rb:60:in `service'
  /Users/MEGHAN/.rubies/ruby-2.1.2/lib/ruby/2.1.0/webrick/httpserver.rb:138:in `service'
  /Users/MEGHAN/.rubies/ruby-2.1.2/lib/ruby/2.1.0/webrick/httpserver.rb:94:in `run'
  /Users/MEGHAN/.rubies/ruby-2.1.2/lib/ruby/2.1.0/webrick/server.rb:295:in `block in start_thread'



Started POST "/__better_errors/53f861f5777ec6bf/variables" for 127.0.0.1 at 2014-09-11 10:18:06 -0700


Started GET "/sessions/new" for 127.0.0.1 at 2014-09-11 10:24:06 -0700
Processing by SessionsController#new as HTML
  Rendered sessions/new.html.erb within layouts/application (1.2ms)
Completed 200 OK in 29ms (Views: 27.9ms | ActiveRecord: 0.0ms)


Started GET "/sessions/new" for 127.0.0.1 at 2014-09-11 10:43:10 -0700
Processing by SessionsController#new as HTML
  Rendered sessions/new.html.erb within layouts/application (0.6ms)
Completed 200 OK in 28ms (Views: 27.3ms | ActiveRecord: 0.0ms)


Started GET "/" for 127.0.0.1 at 2014-09-11 10:43:17 -0700
Processing by UsersController#index as HTML
  Rendered users/index.html.erb within layouts/application (0.4ms)
Completed 200 OK in 35ms (Views: 33.4ms | ActiveRecord: 0.0ms)


Started GET "/signup" for 127.0.0.1 at 2014-09-11 10:43:18 -0700
Processing by UsersController#new as HTML
  Rendered users/new.html.erb within layouts/application (5.7ms)
Completed 200 OK in 36ms (Views: 33.8ms | ActiveRecord: 0.6ms)


Started GET "/login" for 127.0.0.1 at 2014-09-11 10:43:19 -0700
Processing by SessionsController#new as HTML
  Rendered sessions/new.html.erb within layouts/application (1.1ms)
Completed 200 OK in 35ms (Views: 33.7ms | ActiveRecord: 0.0ms)


Started GET "/login" for 127.0.0.1 at 2014-09-11 11:06:42 -0700
Processing by SessionsController#new as HTML
  Rendered sessions/new.html.erb within layouts/application (0.6ms)
Completed 200 OK in 34ms (Views: 33.9ms | ActiveRecord: 0.0ms)


Started GET "/signup" for 127.0.0.1 at 2014-09-11 11:06:44 -0700
Processing by UsersController#new as HTML
  Rendered users/new.html.erb within layouts/application (1.6ms)
Completed 200 OK in 38ms (Views: 36.9ms | ActiveRecord: 0.0ms)


Started POST "/users" for 127.0.0.1 at 2014-09-11 11:06:50 -0700
Processing by UsersController#create as HTML
  Parameters: {"utf8"=>"✓", "authenticity_token"=>"/mhP3PcKtsp0LUXKvXjYX/VDGPwDLozIEiaiueecBtI=", "user"=>{"name"=>"Meghan1", "password"=>"[FILTERED]", "password_confirmation"=>"[FILTERED]"}, "commit"=>"Sign Up"}
Completed 500 Internal Server Error in 3ms

ActiveModel::ForbiddenAttributesError - ActiveModel::ForbiddenAttributesError:
  activemodel (4.1.5) lib/active_model/forbidden_attributes_protection.rb:21:in `sanitize_for_mass_assignment'
  activerecord (4.1.5) lib/active_record/attribute_assignment.rb:24:in `assign_attributes'
  activerecord (4.1.5) lib/active_record/core.rb:455:in `init_attributes'
  activerecord (4.1.5) lib/active_record/core.rb:198:in `initialize'
  activerecord (4.1.5) lib/active_record/inheritance.rb:30:in `new'
  app/controllers/users_controller.rb:11:in `create'
  actionpack (4.1.5) lib/action_controller/metal/implicit_render.rb:4:in `send_action'
  actionpack (4.1.5) lib/abstract_controller/base.rb:189:in `process_action'
  actionpack (4.1.5) lib/action_controller/metal/rendering.rb:10:in `process_action'
  actionpack (4.1.5) lib/abstract_controller/callbacks.rb:20:in `block in process_action'
  activesupport (4.1.5) lib/active_support/callbacks.rb:113:in `call'
  activesupport (4.1.5) lib/active_support/callbacks.rb:229:in `block in halting'
  activesupport (4.1.5) lib/active_support/callbacks.rb:229:in `block in halting'
  activesupport (4.1.5) lib/active_support/callbacks.rb:166:in `block in halting'
  activesupport (4.1.5) lib/active_support/callbacks.rb:166:in `block in halting'
  activesupport (4.1.5) lib/active_support/callbacks.rb:166:in `block in halting'
  activesupport (4.1.5) lib/active_support/callbacks.rb:86:in `run_callbacks'
  actionpack (4.1.5) lib/abstract_controller/callbacks.rb:19:in `process_action'
  actionpack (4.1.5) lib/action_controller/metal/rescue.rb:29:in `process_action'
  actionpack (4.1.5) lib/action_controller/metal/instrumentation.rb:31:in `block in process_action'
  activesupport (4.1.5) lib/active_support/notifications.rb:159:in `block in instrument'
  activesupport (4.1.5) lib/active_support/notifications/instrumenter.rb:20:in `instrument'
  activesupport (4.1.5) lib/active_support/notifications.rb:159:in `instrument'
  actionpack (4.1.5) lib/action_controller/metal/instrumentation.rb:30:in `process_action'
  actionpack (4.1.5) lib/action_controller/metal/params_wrapper.rb:250:in `process_action'
  activerecord (4.1.5) lib/active_record/railties/controller_runtime.rb:18:in `process_action'
  actionpack (4.1.5) lib/abstract_controller/base.rb:136:in `process'
  actionview (4.1.5) lib/action_view/rendering.rb:30:in `process'
  actionpack (4.1.5) lib/action_controller/metal.rb:196:in `dispatch'
  actionpack (4.1.5) lib/action_controller/metal/rack_delegation.rb:13:in `dispatch'
  actionpack (4.1.5) lib/action_controller/metal.rb:232:in `block in action'
  actionpack (4.1.5) lib/action_dispatch/routing/route_set.rb:82:in `dispatch'
  actionpack (4.1.5) lib/action_dispatch/routing/route_set.rb:50:in `call'
  actionpack (4.1.5) lib/action_dispatch/journey/router.rb:71:in `block in call'
  actionpack (4.1.5) lib/action_dispatch/journey/router.rb:59:in `call'
  actionpack (4.1.5) lib/action_dispatch/routing/route_set.rb:678:in `call'
  rack (1.5.2) lib/rack/etag.rb:23:in `call'
  rack (1.5.2) lib/rack/conditionalget.rb:35:in `call'
  rack (1.5.2) lib/rack/head.rb:11:in `call'
  actionpack (4.1.5) lib/action_dispatch/middleware/params_parser.rb:27:in `call'
  actionpack (4.1.5) lib/action_dispatch/middleware/flash.rb:254:in `call'
  rack (1.5.2) lib/rack/session/abstract/id.rb:225:in `context'
  rack (1.5.2) lib/rack/session/abstract/id.rb:220:in `call'
  actionpack (4.1.5) lib/action_dispatch/middleware/cookies.rb:560:in `call'
  activerecord (4.1.5) lib/active_record/query_cache.rb:36:in `call'
  activerecord (4.1.5) lib/active_record/connection_adapters/abstract/connection_pool.rb:621:in `call'
  activerecord (4.1.5) lib/active_record/migration.rb:380:in `call'
  actionpack (4.1.5) lib/action_dispatch/middleware/callbacks.rb:29:in `block in call'
  activesupport (4.1.5) lib/active_support/callbacks.rb:82:in `run_callbacks'
  actionpack (4.1.5) lib/action_dispatch/middleware/callbacks.rb:27:in `call'
  actionpack (4.1.5) lib/action_dispatch/middleware/reloader.rb:73:in `call'
  actionpack (4.1.5) lib/action_dispatch/middleware/remote_ip.rb:76:in `call'
  better_errors (2.0.0) lib/better_errors/middleware.rb:84:in `protected_app_call'
  better_errors (2.0.0) lib/better_errors/middleware.rb:79:in `better_errors_call'
  better_errors (2.0.0) lib/better_errors/middleware.rb:57:in `call'
  actionpack (4.1.5) lib/action_dispatch/middleware/debug_exceptions.rb:17:in `call'
  actionpack (4.1.5) lib/action_dispatch/middleware/show_exceptions.rb:30:in `call'
  railties (4.1.5) lib/rails/rack/logger.rb:38:in `call_app'
  railties (4.1.5) lib/rails/rack/logger.rb:20:in `block in call'
  activesupport (4.1.5) lib/active_support/tagged_logging.rb:68:in `block in tagged'
  activesupport (4.1.5) lib/active_support/tagged_logging.rb:26:in `tagged'
  activesupport (4.1.5) lib/active_support/tagged_logging.rb:68:in `tagged'
  railties (4.1.5) lib/rails/rack/logger.rb:20:in `call'
  quiet_assets (1.0.3) lib/quiet_assets.rb:23:in `call_with_quiet_assets'
  actionpack (4.1.5) lib/action_dispatch/middleware/request_id.rb:21:in `call'
  rack (1.5.2) lib/rack/methodoverride.rb:21:in `call'
  rack (1.5.2) lib/rack/runtime.rb:17:in `call'
  activesupport (4.1.5) lib/active_support/cache/strategy/local_cache_middleware.rb:26:in `call'
  rack (1.5.2) lib/rack/lock.rb:17:in `call'
  actionpack (4.1.5) lib/action_dispatch/middleware/static.rb:64:in `call'
  rack (1.5.2) lib/rack/sendfile.rb:112:in `call'
  railties (4.1.5) lib/rails/engine.rb:514:in `call'
  railties (4.1.5) lib/rails/application.rb:144:in `call'
  rack (1.5.2) lib/rack/lock.rb:17:in `call'
  rack (1.5.2) lib/rack/content_length.rb:14:in `call'
  rack (1.5.2) lib/rack/handler/webrick.rb:60:in `service'
  /Users/MEGHAN/.rubies/ruby-2.1.2/lib/ruby/2.1.0/webrick/httpserver.rb:138:in `service'
  /Users/MEGHAN/.rubies/ruby-2.1.2/lib/ruby/2.1.0/webrick/httpserver.rb:94:in `run'
  /Users/MEGHAN/.rubies/ruby-2.1.2/lib/ruby/2.1.0/webrick/server.rb:295:in `block in start_thread'



Started POST "/__better_errors/833dbb78551b8bb8/variables" for 127.0.0.1 at 2014-09-11 11:06:50 -0700


Started POST "/users" for 127.0.0.1 at 2014-09-11 11:08:17 -0700
Processing by UsersController#create as HTML
  Parameters: {"utf8"=>"✓", "authenticity_token"=>"/mhP3PcKtsp0LUXKvXjYX/VDGPwDLozIEiaiueecBtI=", "user"=>{"name"=>"Meghan1", "password"=>"[FILTERED]", "password_confirmation"=>"[FILTERED]"}, "commit"=>"Sign Up"}
  [1m[35m (0.1ms)[0m  begin transaction
  [1m[36mUser Exists (0.2ms)[0m  [1mSELECT  1 AS one FROM "users"  WHERE "users"."name" = 'Meghan1' LIMIT 1[0m
Binary data inserted for `string` type on column `password_digest`
  [1m[35mSQL (0.5ms)[0m  INSERT INTO "users" ("created_at", "name", "password_digest", "updated_at") VALUES (?, ?, ?, ?)  [["created_at", "2014-09-11 18:08:17.388234"], ["name", "Meghan1"], ["password_digest", "$2a$10$9DkbvK3IsDhCJeZbMHdjle89uZauf0ZukQSsAZIaaXTLZAYOz.g0O"], ["updated_at", "2014-09-11 18:08:17.388234"]]
  [1m[36m (1.0ms)[0m  [1mcommit transaction[0m
Redirected to http://localhost:3000/
Completed 302 Found in 125ms (ActiveRecord: 2.3ms)


Started GET "/" for 127.0.0.1 at 2014-09-11 11:08:17 -0700
Processing by UsersController#index as HTML
  Rendered users/index.html.erb within layouts/application (0.1ms)
Completed 200 OK in 46ms (Views: 45.4ms | ActiveRecord: 0.0ms)


Started GET "/" for 127.0.0.1 at 2014-09-11 11:08:21 -0700
Processing by UsersController#index as HTML
  Rendered users/index.html.erb within layouts/application (0.1ms)
Completed 200 OK in 42ms (Views: 40.8ms | ActiveRecord: 0.0ms)


Started GET "/signup" for 127.0.0.1 at 2014-09-11 11:08:22 -0700
Processing by UsersController#new as HTML
  Rendered users/new.html.erb within layouts/application (3.7ms)
Completed 200 OK in 37ms (Views: 36.0ms | ActiveRecord: 0.0ms)


Started POST "/users" for 127.0.0.1 at 2014-09-11 11:08:27 -0700
Processing by UsersController#create as HTML
  Parameters: {"utf8"=>"✓", "authenticity_token"=>"/mhP3PcKtsp0LUXKvXjYX/VDGPwDLozIEiaiueecBtI=", "user"=>{"name"=>"Meghan1", "password"=>"[FILTERED]", "password_confirmation"=>"[FILTERED]"}, "commit"=>"Sign Up"}
  [1m[35m (0.1ms)[0m  begin transaction
  [1m[36mUser Exists (0.2ms)[0m  [1mSELECT  1 AS one FROM "users"  WHERE "users"."name" = 'Meghan1' LIMIT 1[0m
  [1m[35m (0.1ms)[0m  rollback transaction
  Rendered users/new.html.erb within layouts/application (2.7ms)
Completed 200 OK in 119ms (Views: 28.0ms | ActiveRecord: 0.4ms)
  [1m[36m (26.1ms)[0m  [1mCREATE TABLE "schema_migrations" ("version" character varying(255) NOT NULL) [0m
  [1m[35m (3.3ms)[0m  CREATE UNIQUE INDEX  "unique_schema_migrations" ON "schema_migrations"  ("version")
  [1m[36mActiveRecord::SchemaMigration Load (0.5ms)[0m  [1mSELECT "schema_migrations".* FROM "schema_migrations"[0m
Migrating to CreateUsers (20140911170732)
  [1m[35m (0.2ms)[0m  BEGIN
  [1m[36m (23.8ms)[0m  [1mCREATE TABLE "users" ("id" serial primary key, "name" character varying(255), "password_digest" character varying(255), "created_at" timestamp, "updated_at" timestamp) [0m
  [1m[35mSQL (6.4ms)[0m  INSERT INTO "schema_migrations" ("version") VALUES ($1)  [["version", "20140911170732"]]
  [1m[36m (6.1ms)[0m  [1mCOMMIT[0m
  [1m[35mActiveRecord::SchemaMigration Load (0.4ms)[0m  SELECT "schema_migrations".* FROM "schema_migrations"


Started POST "/users" for 127.0.0.1 at 2014-09-11 11:12:05 -0700
  [1m[36mActiveRecord::SchemaMigration Load (0.5ms)[0m  [1mSELECT "schema_migrations".* FROM "schema_migrations"[0m
Processing by UsersController#create as HTML
  Parameters: {"utf8"=>"✓", "authenticity_token"=>"/mhP3PcKtsp0LUXKvXjYX/VDGPwDLozIEiaiueecBtI=", "user"=>{"name"=>"Meghan1", "password"=>"[FILTERED]", "password_confirmation"=>"[FILTERED]"}, "commit"=>"Sign Up"}
Completed 500 Internal Server Error in 26ms

NoMethodError - undefined method `cost' for BCrypt::Engine:Class:
  activemodel (4.1.5) lib/active_model/secure_password.rb:111:in `password='
  activerecord (4.1.5) lib/active_record/attribute_assignment.rb:45:in `_assign_attribute'
  activerecord (4.1.5) lib/active_record/attribute_assignment.rb:32:in `block in assign_attributes'
  activerecord (4.1.5) lib/active_record/attribute_assignment.rb:26:in `assign_attributes'
  activerecord (4.1.5) lib/active_record/core.rb:455:in `init_attributes'
  activerecord (4.1.5) lib/active_record/core.rb:198:in `initialize'
  activerecord (4.1.5) lib/active_record/inheritance.rb:30:in `new'
  app/controllers/users_controller.rb:11:in `create'
  actionpack (4.1.5) lib/action_controller/metal/implicit_render.rb:4:in `send_action'
  actionpack (4.1.5) lib/abstract_controller/base.rb:189:in `process_action'
  actionpack (4.1.5) lib/action_controller/metal/rendering.rb:10:in `process_action'
  actionpack (4.1.5) lib/abstract_controller/callbacks.rb:20:in `block in process_action'
  activesupport (4.1.5) lib/active_support/callbacks.rb:113:in `call'
  activesupport (4.1.5) lib/active_support/callbacks.rb:229:in `block in halting'
  activesupport (4.1.5) lib/active_support/callbacks.rb:229:in `block in halting'
  activesupport (4.1.5) lib/active_support/callbacks.rb:166:in `block in halting'
  activesupport (4.1.5) lib/active_support/callbacks.rb:166:in `block in halting'
  activesupport (4.1.5) lib/active_support/callbacks.rb:166:in `block in halting'
  activesupport (4.1.5) lib/active_support/callbacks.rb:86:in `run_callbacks'
  actionpack (4.1.5) lib/abstract_controller/callbacks.rb:19:in `process_action'
  actionpack (4.1.5) lib/action_controller/metal/rescue.rb:29:in `process_action'
  actionpack (4.1.5) lib/action_controller/metal/instrumentation.rb:31:in `block in process_action'
  activesupport (4.1.5) lib/active_support/notifications.rb:159:in `block in instrument'
  activesupport (4.1.5) lib/active_support/notifications/instrumenter.rb:20:in `instrument'
  activesupport (4.1.5) lib/active_support/notifications.rb:159:in `instrument'
  actionpack (4.1.5) lib/action_controller/metal/instrumentation.rb:30:in `process_action'
  actionpack (4.1.5) lib/action_controller/metal/params_wrapper.rb:250:in `process_action'
  activerecord (4.1.5) lib/active_record/railties/controller_runtime.rb:18:in `process_action'
  actionpack (4.1.5) lib/abstract_controller/base.rb:136:in `process'
  actionview (4.1.5) lib/action_view/rendering.rb:30:in `process'
  actionpack (4.1.5) lib/action_controller/metal.rb:196:in `dispatch'
  actionpack (4.1.5) lib/action_controller/metal/rack_delegation.rb:13:in `dispatch'
  actionpack (4.1.5) lib/action_controller/metal.rb:232:in `block in action'
  actionpack (4.1.5) lib/action_dispatch/routing/route_set.rb:82:in `dispatch'
  actionpack (4.1.5) lib/action_dispatch/routing/route_set.rb:50:in `call'
  actionpack (4.1.5) lib/action_dispatch/journey/router.rb:71:in `block in call'
  actionpack (4.1.5) lib/action_dispatch/journey/router.rb:59:in `call'
  actionpack (4.1.5) lib/action_dispatch/routing/route_set.rb:678:in `call'
  rack (1.5.2) lib/rack/etag.rb:23:in `call'
  rack (1.5.2) lib/rack/conditionalget.rb:35:in `call'
  rack (1.5.2) lib/rack/head.rb:11:in `call'
  actionpack (4.1.5) lib/action_dispatch/middleware/params_parser.rb:27:in `call'
  actionpack (4.1.5) lib/action_dispatch/middleware/flash.rb:254:in `call'
  rack (1.5.2) lib/rack/session/abstract/id.rb:225:in `context'
  rack (1.5.2) lib/rack/session/abstract/id.rb:220:in `call'
  actionpack (4.1.5) lib/action_dispatch/middleware/cookies.rb:560:in `call'
  activerecord (4.1.5) lib/active_record/query_cache.rb:36:in `call'
  activerecord (4.1.5) lib/active_record/connection_adapters/abstract/connection_pool.rb:621:in `call'
  activerecord (4.1.5) lib/active_record/migration.rb:380:in `call'
  actionpack (4.1.5) lib/action_dispatch/middleware/callbacks.rb:29:in `block in call'
  activesupport (4.1.5) lib/active_support/callbacks.rb:82:in `run_callbacks'
  actionpack (4.1.5) lib/action_dispatch/middleware/callbacks.rb:27:in `call'
  actionpack (4.1.5) lib/action_dispatch/middleware/reloader.rb:73:in `call'
  actionpack (4.1.5) lib/action_dispatch/middleware/remote_ip.rb:76:in `call'
  better_errors (2.0.0) lib/better_errors/middleware.rb:84:in `protected_app_call'
  better_errors (2.0.0) lib/better_errors/middleware.rb:79:in `better_errors_call'
  better_errors (2.0.0) lib/better_errors/middleware.rb:57:in `call'
  actionpack (4.1.5) lib/action_dispatch/middleware/debug_exceptions.rb:17:in `call'
  actionpack (4.1.5) lib/action_dispatch/middleware/show_exceptions.rb:30:in `call'
  railties (4.1.5) lib/rails/rack/logger.rb:38:in `call_app'
  railties (4.1.5) lib/rails/rack/logger.rb:20:in `block in call'
  activesupport (4.1.5) lib/active_support/tagged_logging.rb:68:in `block in tagged'
  activesupport (4.1.5) lib/active_support/tagged_logging.rb:26:in `tagged'
  activesupport (4.1.5) lib/active_support/tagged_logging.rb:68:in `tagged'
  railties (4.1.5) lib/rails/rack/logger.rb:20:in `call'
  quiet_assets (1.0.3) lib/quiet_assets.rb:23:in `call_with_quiet_assets'
  actionpack (4.1.5) lib/action_dispatch/middleware/request_id.rb:21:in `call'
  rack (1.5.2) lib/rack/methodoverride.rb:21:in `call'
  rack (1.5.2) lib/rack/runtime.rb:17:in `call'
  activesupport (4.1.5) lib/active_support/cache/strategy/local_cache_middleware.rb:26:in `call'
  rack (1.5.2) lib/rack/lock.rb:17:in `call'
  actionpack (4.1.5) lib/action_dispatch/middleware/static.rb:64:in `call'
  rack (1.5.2) lib/rack/sendfile.rb:112:in `call'
  railties (4.1.5) lib/rails/engine.rb:514:in `call'
  railties (4.1.5) lib/rails/application.rb:144:in `call'
  rack (1.5.2) lib/rack/lock.rb:17:in `call'
  rack (1.5.2) lib/rack/content_length.rb:14:in `call'
  rack (1.5.2) lib/rack/handler/webrick.rb:60:in `service'
  /Users/MEGHAN/.rubies/ruby-2.1.2/lib/ruby/2.1.0/webrick/httpserver.rb:138:in `service'
  /Users/MEGHAN/.rubies/ruby-2.1.2/lib/ruby/2.1.0/webrick/httpserver.rb:94:in `run'
  /Users/MEGHAN/.rubies/ruby-2.1.2/lib/ruby/2.1.0/webrick/server.rb:295:in `block in start_thread'



Started POST "/__better_errors/3af257fc96a495b8/variables" for 127.0.0.1 at 2014-09-11 11:12:05 -0700


Started POST "/users" for 127.0.0.1 at 2014-09-11 11:14:36 -0700
Processing by UsersController#create as HTML
  Parameters: {"utf8"=>"✓", "authenticity_token"=>"/mhP3PcKtsp0LUXKvXjYX/VDGPwDLozIEiaiueecBtI=", "user"=>{"name"=>"Meghan1", "password"=>"[FILTERED]", "password_confirmation"=>"[FILTERED]"}, "commit"=>"Sign Up"}
Completed 500 Internal Server Error in 7ms

NoMethodError - undefined method `cost' for BCrypt::Engine:Class:
  activemodel (4.1.5) lib/active_model/secure_password.rb:111:in `password='
  activerecord (4.1.5) lib/active_record/attribute_assignment.rb:45:in `_assign_attribute'
  activerecord (4.1.5) lib/active_record/attribute_assignment.rb:32:in `block in assign_attributes'
  activerecord (4.1.5) lib/active_record/attribute_assignment.rb:26:in `assign_attributes'
  activerecord (4.1.5) lib/active_record/core.rb:455:in `init_attributes'
  activerecord (4.1.5) lib/active_record/core.rb:198:in `initialize'
  activerecord (4.1.5) lib/active_record/inheritance.rb:30:in `new'
  app/controllers/users_controller.rb:11:in `create'
  actionpack (4.1.5) lib/action_controller/metal/implicit_render.rb:4:in `send_action'
  actionpack (4.1.5) lib/abstract_controller/base.rb:189:in `process_action'
  actionpack (4.1.5) lib/action_controller/metal/rendering.rb:10:in `process_action'
  actionpack (4.1.5) lib/abstract_controller/callbacks.rb:20:in `block in process_action'
  activesupport (4.1.5) lib/active_support/callbacks.rb:113:in `call'
  activesupport (4.1.5) lib/active_support/callbacks.rb:229:in `block in halting'
  activesupport (4.1.5) lib/active_support/callbacks.rb:229:in `block in halting'
  activesupport (4.1.5) lib/active_support/callbacks.rb:166:in `block in halting'
  activesupport (4.1.5) lib/active_support/callbacks.rb:166:in `block in halting'
  activesupport (4.1.5) lib/active_support/callbacks.rb:166:in `block in halting'
  activesupport (4.1.5) lib/active_support/callbacks.rb:86:in `run_callbacks'
  actionpack (4.1.5) lib/abstract_controller/callbacks.rb:19:in `process_action'
  actionpack (4.1.5) lib/action_controller/metal/rescue.rb:29:in `process_action'
  actionpack (4.1.5) lib/action_controller/metal/instrumentation.rb:31:in `block in process_action'
  activesupport (4.1.5) lib/active_support/notifications.rb:159:in `block in instrument'
  activesupport (4.1.5) lib/active_support/notifications/instrumenter.rb:20:in `instrument'
  activesupport (4.1.5) lib/active_support/notifications.rb:159:in `instrument'
  actionpack (4.1.5) lib/action_controller/metal/instrumentation.rb:30:in `process_action'
  actionpack (4.1.5) lib/action_controller/metal/params_wrapper.rb:250:in `process_action'
  activerecord (4.1.5) lib/active_record/railties/controller_runtime.rb:18:in `process_action'
  actionpack (4.1.5) lib/abstract_controller/base.rb:136:in `process'
  actionview (4.1.5) lib/action_view/rendering.rb:30:in `process'
  actionpack (4.1.5) lib/action_controller/metal.rb:196:in `dispatch'
  actionpack (4.1.5) lib/action_controller/metal/rack_delegation.rb:13:in `dispatch'
  actionpack (4.1.5) lib/action_controller/metal.rb:232:in `block in action'
  actionpack (4.1.5) lib/action_dispatch/routing/route_set.rb:82:in `dispatch'
  actionpack (4.1.5) lib/action_dispatch/routing/route_set.rb:50:in `call'
  actionpack (4.1.5) lib/action_dispatch/journey/router.rb:71:in `block in call'
  actionpack (4.1.5) lib/action_dispatch/journey/router.rb:59:in `call'
  actionpack (4.1.5) lib/action_dispatch/routing/route_set.rb:678:in `call'
  rack (1.5.2) lib/rack/etag.rb:23:in `call'
  rack (1.5.2) lib/rack/conditionalget.rb:35:in `call'
  rack (1.5.2) lib/rack/head.rb:11:in `call'
  actionpack (4.1.5) lib/action_dispatch/middleware/params_parser.rb:27:in `call'
  actionpack (4.1.5) lib/action_dispatch/middleware/flash.rb:254:in `call'
  rack (1.5.2) lib/rack/session/abstract/id.rb:225:in `context'
  rack (1.5.2) lib/rack/session/abstract/id.rb:220:in `call'
  actionpack (4.1.5) lib/action_dispatch/middleware/cookies.rb:560:in `call'
  activerecord (4.1.5) lib/active_record/query_cache.rb:36:in `call'
  activerecord (4.1.5) lib/active_record/connection_adapters/abstract/connection_pool.rb:621:in `call'
  activerecord (4.1.5) lib/active_record/migration.rb:380:in `call'
  actionpack (4.1.5) lib/action_dispatch/middleware/callbacks.rb:29:in `block in call'
  activesupport (4.1.5) lib/active_support/callbacks.rb:82:in `run_callbacks'
  actionpack (4.1.5) lib/action_dispatch/middleware/callbacks.rb:27:in `call'
  actionpack (4.1.5) lib/action_dispatch/middleware/reloader.rb:73:in `call'
  actionpack (4.1.5) lib/action_dispatch/middleware/remote_ip.rb:76:in `call'
  better_errors (2.0.0) lib/better_errors/middleware.rb:84:in `protected_app_call'
  better_errors (2.0.0) lib/better_errors/middleware.rb:79:in `better_errors_call'
  better_errors (2.0.0) lib/better_errors/middleware.rb:57:in `call'
  actionpack (4.1.5) lib/action_dispatch/middleware/debug_exceptions.rb:17:in `call'
  actionpack (4.1.5) lib/action_dispatch/middleware/show_exceptions.rb:30:in `call'
  railties (4.1.5) lib/rails/rack/logger.rb:38:in `call_app'
  railties (4.1.5) lib/rails/rack/logger.rb:20:in `block in call'
  activesupport (4.1.5) lib/active_support/tagged_logging.rb:68:in `block in tagged'
  activesupport (4.1.5) lib/active_support/tagged_logging.rb:26:in `tagged'
  activesupport (4.1.5) lib/active_support/tagged_logging.rb:68:in `tagged'
  railties (4.1.5) lib/rails/rack/logger.rb:20:in `call'
  quiet_assets (1.0.3) lib/quiet_assets.rb:23:in `call_with_quiet_assets'
  actionpack (4.1.5) lib/action_dispatch/middleware/request_id.rb:21:in `call'
  rack (1.5.2) lib/rack/methodoverride.rb:21:in `call'
  rack (1.5.2) lib/rack/runtime.rb:17:in `call'
  activesupport (4.1.5) lib/active_support/cache/strategy/local_cache_middleware.rb:26:in `call'
  rack (1.5.2) lib/rack/lock.rb:17:in `call'
  actionpack (4.1.5) lib/action_dispatch/middleware/static.rb:64:in `call'
  rack (1.5.2) lib/rack/sendfile.rb:112:in `call'
  railties (4.1.5) lib/rails/engine.rb:514:in `call'
  railties (4.1.5) lib/rails/application.rb:144:in `call'
  rack (1.5.2) lib/rack/lock.rb:17:in `call'
  rack (1.5.2) lib/rack/content_length.rb:14:in `call'
  rack (1.5.2) lib/rack/handler/webrick.rb:60:in `service'
  /Users/MEGHAN/.rubies/ruby-2.1.2/lib/ruby/2.1.0/webrick/httpserver.rb:138:in `service'
  /Users/MEGHAN/.rubies/ruby-2.1.2/lib/ruby/2.1.0/webrick/httpserver.rb:94:in `run'
  /Users/MEGHAN/.rubies/ruby-2.1.2/lib/ruby/2.1.0/webrick/server.rb:295:in `block in start_thread'



Started POST "/__better_errors/af09ae5af5d595db/variables" for 127.0.0.1 at 2014-09-11 11:14:36 -0700


Started POST "/users" for 127.0.0.1 at 2014-09-11 11:16:09 -0700
  [1m[36mActiveRecord::SchemaMigration Load (0.5ms)[0m  [1mSELECT "schema_migrations".* FROM "schema_migrations"[0m
Processing by UsersController#create as HTML
  Parameters: {"utf8"=>"✓", "authenticity_token"=>"/mhP3PcKtsp0LUXKvXjYX/VDGPwDLozIEiaiueecBtI=", "user"=>{"name"=>"Meghan1", "password"=>"[FILTERED]", "password_confirmation"=>"[FILTERED]"}, "commit"=>"Sign Up"}
  [1m[35m (0.2ms)[0m  BEGIN
  [1m[36mUser Exists (0.8ms)[0m  [1mSELECT  1 AS one FROM "users"  WHERE "users"."name" = 'Meghan1' LIMIT 1[0m
  [1m[35mSQL (8.2ms)[0m  INSERT INTO "users" ("created_at", "name", "password_digest", "updated_at") VALUES ($1, $2, $3, $4) RETURNING "id"  [["created_at", "2014-09-11 18:16:10.203624"], ["name", "Meghan1"], ["password_digest", "$2a$10$tvVzeToR5q508DrF1dqmG.dMDgL7C3bDz1B20aYAP1dks3kraSYia"], ["updated_at", "2014-09-11 18:16:10.203624"]]
  [1m[36m (0.5ms)[0m  [1mCOMMIT[0m
Redirected to http://localhost:3000/
Completed 302 Found in 131ms (ActiveRecord: 11.5ms)


Started GET "/" for 127.0.0.1 at 2014-09-11 11:16:10 -0700
Processing by UsersController#index as HTML
  Rendered users/index.html.erb within layouts/application (1.6ms)
  [1m[35mUser Load (0.3ms)[0m  SELECT  "users".* FROM "users"  WHERE "users"."id" = $1 LIMIT 1  [["id", 1]]
Completed 200 OK in 78ms (Views: 76.7ms | ActiveRecord: 0.3ms)


Started GET "/logout" for 127.0.0.1 at 2014-09-11 11:17:44 -0700
Processing by SessionsController#destroy as HTML
Redirected to http://localhost:3000/
Completed 302 Found in 1ms (ActiveRecord: 0.0ms)


Started GET "/" for 127.0.0.1 at 2014-09-11 11:17:44 -0700
Processing by UsersController#index as HTML
  Rendered users/index.html.erb within layouts/application (0.4ms)
Completed 200 OK in 29ms (Views: 28.7ms | ActiveRecord: 0.0ms)


Started GET "/login" for 127.0.0.1 at 2014-09-11 11:17:46 -0700
Processing by SessionsController#new as HTML
  Rendered sessions/new.html.erb within layouts/application (1.3ms)
Completed 200 OK in 63ms (Views: 62.9ms | ActiveRecord: 0.0ms)


Started POST "/sessions" for 127.0.0.1 at 2014-09-11 11:17:49 -0700
Processing by SessionsController#create as HTML
  Parameters: {"utf8"=>"✓", "authenticity_token"=>"/mhP3PcKtsp0LUXKvXjYX/VDGPwDLozIEiaiueecBtI=", "name"=>"Meghan1", "password"=>"[FILTERED]", "commit"=>"Log In"}
Completed 500 Internal Server Error in 2ms

NoMethodError - undefined method `find_by_email' for #<Class:0x007fc8d12e1570>:
  activerecord (4.1.5) lib/active_record/dynamic_matchers.rb:26:in `method_missing'
  app/controllers/sessions_controller.rb:4:in `create'
  actionpack (4.1.5) lib/action_controller/metal/implicit_render.rb:4:in `send_action'
  actionpack (4.1.5) lib/abstract_controller/base.rb:189:in `process_action'
  actionpack (4.1.5) lib/action_controller/metal/rendering.rb:10:in `process_action'
  actionpack (4.1.5) lib/abstract_controller/callbacks.rb:20:in `block in process_action'
  activesupport (4.1.5) lib/active_support/callbacks.rb:113:in `call'
  activesupport (4.1.5) lib/active_support/callbacks.rb:229:in `block in halting'
  activesupport (4.1.5) lib/active_support/callbacks.rb:229:in `block in halting'
  activesupport (4.1.5) lib/active_support/callbacks.rb:166:in `block in halting'
  activesupport (4.1.5) lib/active_support/callbacks.rb:166:in `block in halting'
  activesupport (4.1.5) lib/active_support/callbacks.rb:166:in `block in halting'
  activesupport (4.1.5) lib/active_support/callbacks.rb:86:in `run_callbacks'
  actionpack (4.1.5) lib/abstract_controller/callbacks.rb:19:in `process_action'
  actionpack (4.1.5) lib/action_controller/metal/rescue.rb:29:in `process_action'
  actionpack (4.1.5) lib/action_controller/metal/instrumentation.rb:31:in `block in process_action'
  activesupport (4.1.5) lib/active_support/notifications.rb:159:in `block in instrument'
  activesupport (4.1.5) lib/active_support/notifications/instrumenter.rb:20:in `instrument'
  activesupport (4.1.5) lib/active_support/notifications.rb:159:in `instrument'
  actionpack (4.1.5) lib/action_controller/metal/instrumentation.rb:30:in `process_action'
  actionpack (4.1.5) lib/action_controller/metal/params_wrapper.rb:250:in `process_action'
  activerecord (4.1.5) lib/active_record/railties/controller_runtime.rb:18:in `process_action'
  actionpack (4.1.5) lib/abstract_controller/base.rb:136:in `process'
  actionview (4.1.5) lib/action_view/rendering.rb:30:in `process'
  actionpack (4.1.5) lib/action_controller/metal.rb:196:in `dispatch'
  actionpack (4.1.5) lib/action_controller/metal/rack_delegation.rb:13:in `dispatch'
  actionpack (4.1.5) lib/action_controller/metal.rb:232:in `block in action'
  actionpack (4.1.5) lib/action_dispatch/routing/route_set.rb:82:in `dispatch'
  actionpack (4.1.5) lib/action_dispatch/routing/route_set.rb:50:in `call'
  actionpack (4.1.5) lib/action_dispatch/journey/router.rb:71:in `block in call'
  actionpack (4.1.5) lib/action_dispatch/journey/router.rb:59:in `call'
  actionpack (4.1.5) lib/action_dispatch/routing/route_set.rb:678:in `call'
  rack (1.5.2) lib/rack/etag.rb:23:in `call'
  rack (1.5.2) lib/rack/conditionalget.rb:35:in `call'
  rack (1.5.2) lib/rack/head.rb:11:in `call'
  actionpack (4.1.5) lib/action_dispatch/middleware/params_parser.rb:27:in `call'
  actionpack (4.1.5) lib/action_dispatch/middleware/flash.rb:254:in `call'
  rack (1.5.2) lib/rack/session/abstract/id.rb:225:in `context'
  rack (1.5.2) lib/rack/session/abstract/id.rb:220:in `call'
  actionpack (4.1.5) lib/action_dispatch/middleware/cookies.rb:560:in `call'
  activerecord (4.1.5) lib/active_record/query_cache.rb:36:in `call'
  activerecord (4.1.5) lib/active_record/connection_adapters/abstract/connection_pool.rb:621:in `call'
  activerecord (4.1.5) lib/active_record/migration.rb:380:in `call'
  actionpack (4.1.5) lib/action_dispatch/middleware/callbacks.rb:29:in `block in call'
  activesupport (4.1.5) lib/active_support/callbacks.rb:82:in `run_callbacks'
  actionpack (4.1.5) lib/action_dispatch/middleware/callbacks.rb:27:in `call'
  actionpack (4.1.5) lib/action_dispatch/middleware/reloader.rb:73:in `call'
  actionpack (4.1.5) lib/action_dispatch/middleware/remote_ip.rb:76:in `call'
  better_errors (2.0.0) lib/better_errors/middleware.rb:84:in `protected_app_call'
  better_errors (2.0.0) lib/better_errors/middleware.rb:79:in `better_errors_call'
  better_errors (2.0.0) lib/better_errors/middleware.rb:57:in `call'
  actionpack (4.1.5) lib/action_dispatch/middleware/debug_exceptions.rb:17:in `call'
  actionpack (4.1.5) lib/action_dispatch/middleware/show_exceptions.rb:30:in `call'
  railties (4.1.5) lib/rails/rack/logger.rb:38:in `call_app'
  railties (4.1.5) lib/rails/rack/logger.rb:20:in `block in call'
  activesupport (4.1.5) lib/active_support/tagged_logging.rb:68:in `block in tagged'
  activesupport (4.1.5) lib/active_support/tagged_logging.rb:26:in `tagged'
  activesupport (4.1.5) lib/active_support/tagged_logging.rb:68:in `tagged'
  railties (4.1.5) lib/rails/rack/logger.rb:20:in `call'
  quiet_assets (1.0.3) lib/quiet_assets.rb:23:in `call_with_quiet_assets'
  actionpack (4.1.5) lib/action_dispatch/middleware/request_id.rb:21:in `call'
  rack (1.5.2) lib/rack/methodoverride.rb:21:in `call'
  rack (1.5.2) lib/rack/runtime.rb:17:in `call'
  activesupport (4.1.5) lib/active_support/cache/strategy/local_cache_middleware.rb:26:in `call'
  rack (1.5.2) lib/rack/lock.rb:17:in `call'
  actionpack (4.1.5) lib/action_dispatch/middleware/static.rb:64:in `call'
  rack (1.5.2) lib/rack/sendfile.rb:112:in `call'
  railties (4.1.5) lib/rails/engine.rb:514:in `call'
  railties (4.1.5) lib/rails/application.rb:144:in `call'
  rack (1.5.2) lib/rack/lock.rb:17:in `call'
  rack (1.5.2) lib/rack/content_length.rb:14:in `call'
  rack (1.5.2) lib/rack/handler/webrick.rb:60:in `service'
  /Users/MEGHAN/.rubies/ruby-2.1.2/lib/ruby/2.1.0/webrick/httpserver.rb:138:in `service'
  /Users/MEGHAN/.rubies/ruby-2.1.2/lib/ruby/2.1.0/webrick/httpserver.rb:94:in `run'
  /Users/MEGHAN/.rubies/ruby-2.1.2/lib/ruby/2.1.0/webrick/server.rb:295:in `block in start_thread'



Started POST "/__better_errors/182dfdf2b69aed7a/variables" for 127.0.0.1 at 2014-09-11 11:17:49 -0700


Started POST "/sessions" for 127.0.0.1 at 2014-09-11 11:18:27 -0700
Processing by SessionsController#create as HTML
  Parameters: {"utf8"=>"✓", "authenticity_token"=>"/mhP3PcKtsp0LUXKvXjYX/VDGPwDLozIEiaiueecBtI=", "name"=>"Meghan1", "password"=>"[FILTERED]", "commit"=>"Log In"}
  [1m[36mUser Load (0.4ms)[0m  [1mSELECT  "users".* FROM "users"  WHERE "users"."name" = 'Meghan1' LIMIT 1[0m
Redirected to http://localhost:3000/
Completed 302 Found in 107ms (ActiveRecord: 2.3ms)


Started GET "/" for 127.0.0.1 at 2014-09-11 11:18:27 -0700
Processing by UsersController#index as HTML
  Rendered users/index.html.erb within layouts/application (0.0ms)
  [1m[35mUser Load (0.5ms)[0m  SELECT  "users".* FROM "users"  WHERE "users"."id" = $1 LIMIT 1  [["id", 1]]
Completed 200 OK in 42ms (Views: 41.0ms | ActiveRecord: 0.5ms)


Started GET "/" for 127.0.0.1 at 2014-09-11 11:21:51 -0700
Processing by UsersController#index as HTML
  [1m[36mUser Load (0.3ms)[0m  [1mSELECT "users".* FROM "users"[0m
  Rendered users/index.html.erb within layouts/application (1.2ms)
  [1m[35mUser Load (0.3ms)[0m  SELECT  "users".* FROM "users"  WHERE "users"."id" = $1 LIMIT 1  [["id", 1]]
Completed 200 OK in 38ms (Views: 36.7ms | ActiveRecord: 0.6ms)


Started GET "/" for 127.0.0.1 at 2014-09-11 11:32:16 -0700
Processing by UsersController#index as HTML
  [1m[36mUser Load (0.3ms)[0m  [1mSELECT "users".* FROM "users"[0m
  Rendered users/index.html.erb within layouts/application (5.6ms)
  [1m[35mUser Load (0.3ms)[0m  SELECT  "users".* FROM "users"  WHERE "users"."id" = $1 LIMIT 1  [["id", 1]]
Completed 200 OK in 36ms (Views: 32.1ms | ActiveRecord: 2.1ms)


Started GET "/users/1" for 127.0.0.1 at 2014-09-11 11:32:18 -0700
Processing by UsersController#show as HTML
  Parameters: {"id"=>"1"}
  [1m[36mUser Load (0.3ms)[0m  [1mSELECT  "users".* FROM "users"  WHERE "users"."id" = $1 LIMIT 1[0m  [["id", 1]]
  Rendered users/show.html.erb within layouts/application (0.5ms)
  [1m[35mUser Load (0.5ms)[0m  SELECT  "users".* FROM "users"  WHERE "users"."id" = $1 LIMIT 1  [["id", 1]]
Completed 200 OK in 35ms (Views: 32.3ms | ActiveRecord: 0.8ms)
